# JRE version: Java(TM) SE Runtime Environment (8.0_144-b01) (build 1.8.0_144-b01)
# Java VM: Java HotSpot(TM) 64-Bit Server VM (25.144-b01 mixed mode windows-amd64 compressed oops)
Heap:
 PSYoungGen      total 283648K, used 91850K [0x00000000d5d00000, 0x00000000ec580000, 0x0000000100000000)
  eden space 267776K, 31% used [0x00000000d5d00000,0x00000000daf68428,0x00000000e6280000)
  from space 15872K, 47% used [0x00000000e6280000,0x00000000e69ca5f0,0x00000000e7200000)
  to   space 15360K, 0% used [0x00000000eb680000,0x00000000eb680000,0x00000000ec580000)
 ParOldGen       total 107008K, used 30274K [0x0000000081600000, 0x0000000087e80000, 0x00000000d5d00000)
  object space 107008K, 28% used [0x0000000081600000,0x0000000083390918,0x0000000087e80000)
 Metaspace       used 42640K, capacity 43254K, committed 43520K, reserved 1087488K
  class space    used 5448K, capacity 5616K, committed 5632K, reserved 1048576K
GC Heap History (10 events):
Event: 5.921 GC heap before
{Heap before GC invocations=9 (full 1):
 PSYoungGen      total 142336K, used 141367K [0x00000000d5d00000, 0x00000000e3c00000, 0x0000000100000000)
  eden space 133120K, 100% used [0x00000000d5d00000,0x00000000ddf00000,0x00000000ddf00000)
  from space 9216K, 89% used [0x00000000ddf00000,0x00000000de70dd58,0x00000000de800000)
  to   space 9728K, 0% used [0x00000000e3280000,0x00000000e3280000,0x00000000e3c00000)
 ParOldGen       total 59904K, used 9178K [0x0000000081600000, 0x0000000085080000, 0x00000000d5d00000)
  object space 59904K, 15% used [0x0000000081600000,0x0000000081ef68a8,0x0000000085080000)
 Metaspace       used 29052K, capacity 29526K, committed 29824K, reserved 1075200K
  class space    used 3726K, capacity 3854K, committed 3968K, reserved 1048576K
Event: 5.934 GC heap after
Heap after GC invocations=9 (full 1):
 PSYoungGen      total 214528K, used 9725K [0x00000000d5d00000, 0x00000000e3d00000, 0x0000000100000000)
  eden space 204800K, 0% used [0x00000000d5d00000,0x00000000d5d00000,0x00000000e2500000)
  from space 9728K, 99% used [0x00000000e3280000,0x00000000e3bff5b0,0x00000000e3c00000)
  to   space 12288K, 0% used [0x00000000e2500000,0x00000000e2500000,0x00000000e3100000)
 ParOldGen       total 59904K, used 12627K [0x0000000081600000, 0x0000000085080000, 0x00000000d5d00000)
  object space 59904K, 21% used [0x0000000081600000,0x0000000082254f60,0x0000000085080000)
 Metaspace       used 29052K, capacity 29526K, committed 29824K, reserved 1075200K
  class space    used 3726K, capacity 3854K, committed 3968K, reserved 1048576K
}
Event: 7.687 GC heap before
{Heap before GC invocations=10 (full 1):
 PSYoungGen      total 214528K, used 214525K [0x00000000d5d00000, 0x00000000e3d00000, 0x0000000100000000)
  eden space 204800K, 100% used [0x00000000d5d00000,0x00000000e2500000,0x00000000e2500000)
  from space 9728K, 99% used [0x00000000e3280000,0x00000000e3bff5b0,0x00000000e3c00000)
  to   space 12288K, 0% used [0x00000000e2500000,0x00000000e2500000,0x00000000e3100000)
 ParOldGen       total 59904K, used 12627K [0x0000000081600000, 0x0000000085080000, 0x00000000d5d00000)
  object space 59904K, 21% used [0x0000000081600000,0x0000000082254f60,0x0000000085080000)
 Metaspace       used 31732K, capacity 32280K, committed 32512K, reserved 1077248K
  class space    used 4113K, capacity 4249K, committed 4352K, reserved 1048576K
Event: 7.715 GC heap after
Heap after GC invocations=10 (full 1):
 PSYoungGen      total 217088K, used 12278K [0x00000000d5d00000, 0x00000000e8100000, 0x0000000100000000)
  eden space 204800K, 0% used [0x00000000d5d00000,0x00000000d5d00000,0x00000000e2500000)
  from space 12288K, 99% used [0x00000000e2500000,0x00000000e30fdb60,0x00000000e3100000)
  to   space 15360K, 0% used [0x00000000e7200000,0x00000000e7200000,0x00000000e8100000)
 ParOldGen       total 59904K, used 17625K [0x0000000081600000, 0x0000000085080000, 0x00000000d5d00000)
  object space 59904K, 29% used [0x0000000081600000,0x00000000827365b8,0x0000000085080000)
 Metaspace       used 31732K, capacity 32280K, committed 32512K, reserved 1077248K
  class space    used 4113K, capacity 4249K, committed 4352K, reserved 1048576K
}
Event: 8.753 GC heap before
{Heap before GC invocations=11 (full 1):
 PSYoungGen      total 217088K, used 144243K [0x00000000d5d00000, 0x00000000e8100000, 0x0000000100000000)
  eden space 204800K, 64% used [0x00000000d5d00000,0x00000000ddddf120,0x00000000e2500000)
  from space 12288K, 99% used [0x00000000e2500000,0x00000000e30fdb60,0x00000000e3100000)
  to   space 15360K, 0% used [0x00000000e7200000,0x00000000e7200000,0x00000000e8100000)
 ParOldGen       total 59904K, used 17625K [0x0000000081600000, 0x0000000085080000, 0x00000000d5d00000)
  object space 59904K, 29% used [0x0000000081600000,0x00000000827365b8,0x0000000085080000)
 Metaspace       used 34799K, capacity 35266K, committed 35496K, reserved 1081344K
  class space    used 4486K, capacity 4585K, committed 4608K, reserved 1048576K
Event: 8.779 GC heap after
Heap after GC invocations=11 (full 1):
 PSYoungGen      total 283136K, used 11099K [0x00000000d5d00000, 0x00000000e8380000, 0x0000000100000000)
  eden space 267776K, 0% used [0x00000000d5d00000,0x00000000d5d00000,0x00000000e6280000)
  from space 15360K, 72% used [0x00000000e7200000,0x00000000e7cd6c98,0x00000000e8100000)
  to   space 15872K, 0% used [0x00000000e6280000,0x00000000e6280000,0x00000000e7200000)
 ParOldGen       total 59904K, used 24959K [0x0000000081600000, 0x0000000085080000, 0x00000000d5d00000)
  object space 59904K, 41% used [0x0000000081600000,0x0000000082e5fc78,0x0000000085080000)
 Metaspace       used 34799K, capacity 35266K, committed 35496K, reserved 1081344K
  class space    used 4486K, capacity 4585K, committed 4608K, reserved 1048576K
}
Event: 8.779 GC heap before
{Heap before GC invocations=12 (full 2):
 PSYoungGen      total 283136K, used 11099K [0x00000000d5d00000, 0x00000000e8380000, 0x0000000100000000)
  eden space 267776K, 0% used [0x00000000d5d00000,0x00000000d5d00000,0x00000000e6280000)
  from space 15360K, 72% used [0x00000000e7200000,0x00000000e7cd6c98,0x00000000e8100000)
  to   space 15872K, 0% used [0x00000000e6280000,0x00000000e6280000,0x00000000e7200000)
 ParOldGen       total 59904K, used 24959K [0x0000000081600000, 0x0000000085080000, 0x00000000d5d00000)
  object space 59904K, 41% used [0x0000000081600000,0x0000000082e5fc78,0x0000000085080000)
 Metaspace       used 34799K, capacity 35266K, committed 35496K, reserved 1081344K
  class space    used 4486K, capacity 4585K, committed 4608K, reserved 1048576K
Event: 8.896 GC heap after
Heap after GC invocations=12 (full 2):
 PSYoungGen      total 283136K, used 0K [0x00000000d5d00000, 0x00000000e8380000, 0x0000000100000000)
  eden space 267776K, 0% used [0x00000000d5d00000,0x00000000d5d00000,0x00000000e6280000)
  from space 15360K, 0% used [0x00000000e7200000,0x00000000e7200000,0x00000000e8100000)
  to   space 15872K, 0% used [0x00000000e6280000,0x00000000e6280000,0x00000000e7200000)
 ParOldGen       total 107008K, used 30274K [0x0000000081600000, 0x0000000087e80000, 0x00000000d5d00000)
  object space 107008K, 28% used [0x0000000081600000,0x0000000083390918,0x0000000087e80000)
 Metaspace       used 34799K, capacity 35266K, committed 35496K, reserved 1081344K
  class space    used 4486K, capacity 4585K, committed 4608K, reserved 1048576K
}
Event: 164.385 GC heap before
{Heap before GC invocations=13 (full 2):
 PSYoungGen      total 283136K, used 267776K [0x00000000d5d00000, 0x00000000e8380000, 0x0000000100000000)
  eden space 267776K, 100% used [0x00000000d5d00000,0x00000000e6280000,0x00000000e6280000)
  from space 15360K, 0% used [0x00000000e7200000,0x00000000e7200000,0x00000000e8100000)
  to   space 15872K, 0% used [0x00000000e6280000,0x00000000e6280000,0x00000000e7200000)
 ParOldGen       total 107008K, used 30274K [0x0000000081600000, 0x0000000087e80000, 0x00000000d5d00000)
  object space 107008K, 28% used [0x0000000081600000,0x0000000083390918,0x0000000087e80000)
 Metaspace       used 38501K, capacity 39084K, committed 39296K, reserved 1083392K
  class space    used 5000K, capacity 5127K, committed 5248K, reserved 1048576K
Event: 164.416 GC heap after
Heap after GC invocations=13 (full 2):
 PSYoungGen      total 283648K, used 7465K [0x00000000d5d00000, 0x00000000ec580000, 0x0000000100000000)
  eden space 267776K, 0% used [0x00000000d5d00000,0x00000000d5d00000,0x00000000e6280000)
  from space 15872K, 47% used [0x00000000e6280000,0x00000000e69ca5f0,0x00000000e7200000)
  to   space 15360K, 0% used [0x00000000eb680000,0x00000000eb680000,0x00000000ec580000)
 ParOldGen       total 107008K, used 30274K [0x0000000081600000, 0x0000000087e80000, 0x00000000d5d00000)
  object space 107008K, 28% used [0x0000000081600000,0x0000000083390918,0x0000000087e80000)
 Metaspace       used 38501K, capacity 39084K, committed 39296K, reserved 1083392K
  class space    used 5000K, capacity 5127K, committed 5248K, reserved 1048576K
}

